Build started 25/10/2013 09:38:58.
     1>Project "C:\Users\stefen\project\project\project\project.vcxproj" on node 2 (build target(s)).
     1>InitializeBuildStatus:
         Creating "obj\Debug\project.unsuccessfulbuild" because "AlwaysCreate" was specified.
       ClCompile:
         All outputs are up-to-date.
       ResourceCompile:
         All outputs are up-to-date.
       ManifestResourceCompile:
         All outputs are up-to-date.
       Link:
         All outputs are up-to-date.
       Manifest:
         All outputs are up-to-date.
       PostBuildEvent:
         Description: Copying exe to samples bin directory ...
         copy "bin\Debug\\project.exe" "C:\Ogre SDK\OgreSDK_vc10_v1-7-3\Bin\Debug"
         :VCEnd
                 1 file(s) copied.
       FinalizeBuildStatus:
         Deleting file "obj\Debug\project.unsuccessfulbuild".
         Touching "obj\Debug\project.lastbuildstate".
     1>Done Building Project "C:\Users\stefen\project\project\project\project.vcxproj" (build target(s)).

Build succeeded.

Time Elapsed 00:00:00.88
